#
# There is insufficient memory for the Java Runtime Environment to continue.
# Native memory allocation (malloc) failed to allocate 996176 bytes for Chunk::new
# Possible reasons:
#   The system is out of physical RAM or swap space
#   The process is running with CompressedOops enabled, and the Java Heap may be blocking the growth of the native heap
# Possible solutions:
#   Reduce memory load on the system
#   Increase physical memory or swap space
#   Check if swap backing store is full
#   Decrease Java heap size (-Xmx/-Xms)
#   Decrease number of Java threads
#   Decrease Java thread stack sizes (-Xss)
#   Set larger code cache with -XX:ReservedCodeCacheSize=
#   JVM is running with Unscaled Compressed Oops mode in which the Java heap is
#     placed in the first 4GB address space. The Java Heap base address is the
#     maximum limit for the native heap growth. Please use -XX:HeapBaseMinAddress
#     to set the Java Heap base and to place the Java Heap above 4GB virtual address.
# This output file may be truncated or incomplete.
#
#  Out of Memory Error (allocation.cpp:389), pid=1412, tid=0x00000000000008d8
#
# JRE version: Java(TM) SE Runtime Environment (8.0_211-b12) (build 1.8.0_211-b12)
# Java VM: Java HotSpot(TM) 64-Bit Server VM (25.211-b12 mixed mode windows-amd64 compressed oops)
# Failed to write core dump. Minidumps are not enabled by default on client versions of Windows
#

---------------  T H R E A D  ---------------

Current thread (0x000000001255b800):  JavaThread "C2 CompilerThread0" daemon [_thread_in_native, id=2264, stack(0x0000000013070000,0x0000000013170000)]

Stack: [0x0000000013070000,0x0000000013170000]
[error occurred during error reporting (printing stack bounds), id 0xc0000005]

Native frames: (J=compiled Java code, j=interpreted, Vv=VM code, C=native code)


Current CompileTask:
C2:   9760  883 %     4       java.io.WinNTFileSystem::normalize @ 22 (143 bytes)


---------------  P R O C E S S  ---------------

Java Threads: ( => current thread )
  0x0000000013764000 JavaThread "ReaderThread" [_thread_in_native, id=5504, stack(0x0000000014020000,0x0000000014120000)]
  0x00000000125ba000 JavaThread "Service Thread" daemon [_thread_blocked, id=4392, stack(0x00000000131b0000,0x00000000132b0000)]
  0x0000000012599000 JavaThread "C1 CompilerThread1" daemon [_thread_blocked, id=5956, stack(0x0000000012a50000,0x0000000012b50000)]
=>0x000000001255b800 JavaThread "C2 CompilerThread0" daemon [_thread_in_native, id=2264, stack(0x0000000013070000,0x0000000013170000)]
  0x000000001255a000 JavaThread "Attach Listener" daemon [_thread_blocked, id=1772, stack(0x0000000012e60000,0x0000000012f60000)]
  0x0000000012558800 JavaThread "Signal Dispatcher" daemon [_thread_blocked, id=6012, stack(0x0000000012cf0000,0x0000000012df0000)]
  0x000000001253d000 JavaThread "Finalizer" daemon [_thread_blocked, id=3776, stack(0x0000000012b90000,0x0000000012c90000)]
  0x00000000124f5800 JavaThread "Reference Handler" daemon [_thread_blocked, id=4088, stack(0x0000000012920000,0x0000000012a20000)]
  0x0000000002173000 JavaThread "main" [_thread_in_Java, id=5168, stack(0x0000000002290000,0x0000000002390000)]

Other Threads:
  0x00000000124eb800 VMThread [stack: 0x00000000126b0000,0x00000000127b0000] [id=3272]
  0x00000000125df800 WatcherThread [stack: 0x0000000012f70000,0x0000000013070000] [id=1124]

VM state:not at safepoint (normal execution)

VM Mutex/Monitor currently owned by a thread: None

heap address: 0x00000000e4000000, size: 448 MB, Compressed Oops mode: 32-bit
Narrow klass base: 0x0000000000000000, Narrow klass shift: 0
Compressed class space size: 1073741824 Address: 0x000000007fff0000

Heap:
 def new generation   total 8640K, used 5194K [0x00000000e4000000, 0x00000000e4950000, 0x00000000ed550000)
  eden space 7744K,  57% used [0x00000000e4000000, 0x00000000e4461ef0, 0x00000000e4790000)
  from space 896K,  78% used [0x00000000e4790000, 0x00000000e4840d08, 0x00000000e4870000)
  to   space 896K,   0% used [0x00000000e4870000, 0x00000000e4870000, 0x00000000e4950000)
 tenured generation   total 19136K, used 2631K [0x00000000ed550000, 0x00000000ee800000, 0x0000000100000000)
   the space 19136K,  13% used [0x00000000ed550000, 0x00000000ed7e1d78, 0x00000000ed7e1e00, 0x00000000ee800000)
 Metaspace       used 10509K, capacity 10858K, committed 11136K, reserved 1058816K
  class space    used 1270K, capacity 1357K, committed 1408K, reserved 1048576K

Card table byte_map: [0x0000000011b30000,0x0000000011c20000] byte_map_base: 0x0000000011410000

Polling page: 0x0000000000230000

CodeCache: size=245760Kb used=3534Kb max_used=3534Kb free=242225Kb
 bounds [0x0000000002770000, 0x0000000002af0000, 0x0000000011770000]
 total_blobs=1289 nmethods=941 adapters=262
 compilation: enabled

Compilation events (10 events):
Event: 9.636 Thread 0x0000000012599000  939       3       java.util.concurrent.locks.ReentrantLock$NonfairSync::lock (25 bytes)
Event: 9.638 Thread 0x0000000012599000 nmethod 939 0x0000000002ae3050 code [0x0000000002ae3220, 0x0000000002ae3ad8]
Event: 9.638 Thread 0x0000000012599000  940       3       java.util.concurrent.locks.AbstractQueuedSynchronizer::compareAndSetState (13 bytes)
Event: 9.639 Thread 0x0000000012599000 nmethod 940 0x0000000002ae3d50 code [0x0000000002ae3ea0, 0x0000000002ae4010]
Event: 9.639 Thread 0x0000000012599000  941       3       java.util.concurrent.locks.AbstractQueuedSynchronizer::setState (6 bytes)
Event: 9.639 Thread 0x0000000012599000 nmethod 941 0x0000000002ae4090 code [0x0000000002ae41e0, 0x0000000002ae4330]
Event: 9.744 Thread 0x0000000012599000  942       3       java.lang.Integer::<init> (10 bytes)
Event: 9.745 Thread 0x0000000012599000 nmethod 942 0x0000000002ae4390 code [0x0000000002ae4500, 0x0000000002ae4710]
Event: 9.745 Thread 0x0000000012599000  943       3       sun.reflect.MagicAccessorImpl::<init> (5 bytes)
Event: 9.746 Thread 0x0000000012599000 nmethod 943 0x0000000002ae47d0 code [0x0000000002ae4920, 0x0000000002ae4ad0]

GC Heap History (10 events):
Event: 6.085 GC heap before
{Heap before GC invocations=1 (full 0):
 def new generation   total 8640K, used 8639K [0x00000000e4000000, 0x00000000e4950000, 0x00000000ed550000)
  eden space 7744K, 100% used [0x00000000e4000000, 0x00000000e4790000, 0x00000000e4790000)
  from space 896K,  99% used [0x00000000e4870000, 0x00000000e494fff8, 0x00000000e4950000)
  to   space 896K,   0% used [0x00000000e4790000, 0x00000000e4790000, 0x00000000e4870000)
 tenured generation   total 19136K, used 325K [0x00000000ed550000, 0x00000000ee800000, 0x0000000100000000)
   the space 19136K,   1% used [0x00000000ed550000, 0x00000000ed5a16b8, 0x00000000ed5a1800, 0x00000000ee800000)
 Metaspace       used 6297K, capacity 6536K, committed 6784K, reserved 1056768K
  class space    used 741K, capacity 800K, committed 896K, reserved 1048576K
Event: 6.100 GC heap after
Heap after GC invocations=2 (full 0):
 def new generation   total 8640K, used 895K [0x00000000e4000000, 0x00000000e4950000, 0x00000000ed550000)
  eden space 7744K,   0% used [0x00000000e4000000, 0x00000000e4000000, 0x00000000e4790000)
  from space 896K,  99% used [0x00000000e4790000, 0x00000000e486fff8, 0x00000000e4870000)
  to   space 896K,   0% used [0x00000000e4870000, 0x00000000e4870000, 0x00000000e4950000)
 tenured generation   total 19136K, used 1350K [0x00000000ed550000, 0x00000000ee800000, 0x0000000100000000)
   the space 19136K,   7% used [0x00000000ed550000, 0x00000000ed6a1938, 0x00000000ed6a1a00, 0x00000000ee800000)
 Metaspace       used 6297K, capacity 6536K, committed 6784K, reserved 1056768K
  class space    used 741K, capacity 800K, committed 896K, reserved 1048576K
}
Event: 6.780 GC heap before
{Heap before GC invocations=2 (full 0):
 def new generation   total 8640K, used 8639K [0x00000000e4000000, 0x00000000e4950000, 0x00000000ed550000)
  eden space 7744K, 100% used [0x00000000e4000000, 0x00000000e4790000, 0x00000000e4790000)
  from space 896K,  99% used [0x00000000e4790000, 0x00000000e486fff8, 0x00000000e4870000)
  to   space 896K,   0% used [0x00000000e4870000, 0x00000000e4870000, 0x00000000e4950000)
 tenured generation   total 19136K, used 1350K [0x00000000ed550000, 0x00000000ee800000, 0x0000000100000000)
   the space 19136K,   7% used [0x00000000ed550000, 0x00000000ed6a1938, 0x00000000ed6a1a00, 0x00000000ee800000)
 Metaspace       used 7162K, capacity 7362K, committed 7680K, reserved 1056768K
  class space    used 850K, capacity 905K, committed 1024K, reserved 1048576K
Event: 6.792 GC heap after
Heap after GC invocations=3 (full 0):
 def new generation   total 8640K, used 711K [0x00000000e4000000, 0x00000000e4950000, 0x00000000ed550000)
  eden space 7744K,   0% used [0x00000000e4000000, 0x00000000e4000000, 0x00000000e4790000)
  from space 896K,  79% used [0x00000000e4870000, 0x00000000e4921dd8, 0x00000000e4950000)
  to   space 896K,   0% used [0x00000000e4790000, 0x00000000e4790000, 0x00000000e4870000)
 tenured generation   total 19136K, used 2034K [0x00000000ed550000, 0x00000000ee800000, 0x0000000100000000)
   the space 19136K,  10% used [0x00000000ed550000, 0x00000000ed74cb10, 0x00000000ed74cc00, 0x00000000ee800000)
 Metaspace       used 7162K, capacity 7362K, committed 7680K, reserved 1056768K
  class space    used 850K, capacity 905K, committed 1024K, reserved 1048576K
}
Event: 7.700 GC heap before
{Heap before GC invocations=3 (full 0):
 def new generation   total 8640K, used 8455K [0x00000000e4000000, 0x00000000e4950000, 0x00000000ed550000)
  eden space 7744K, 100% used [0x00000000e4000000, 0x00000000e4790000, 0x00000000e4790000)
  from space 896K,  79% used [0x00000000e4870000, 0x00000000e4921dd8, 0x00000000e4950000)
  to   space 896K,   0% used [0x00000000e4790000, 0x00000000e4790000, 0x00000000e4870000)
 tenured generation   total 19136K, used 2034K [0x00000000ed550000, 0x00000000ee800000, 0x0000000100000000)
   the space 19136K,  10% used [0x00000000ed550000, 0x00000000ed74cb10, 0x00000000ed74cc00, 0x00000000ee800000)
 Metaspace       used 7882K, capacity 8128K, committed 8192K, reserved 1056768K
  class space    used 945K, capacity 1008K, committed 1024K, reserved 1048576K
Event: 7.708 GC heap after
Heap after GC invocations=4 (full 0):
 def new generation   total 8640K, used 660K [0x00000000e4000000, 0x00000000e4950000, 0x00000000ed550000)
  eden space 7744K,   0% used [0x00000000e4000000, 0x00000000e4000000, 0x00000000e4790000)
  from space 896K,  73% used [0x00000000e4790000, 0x00000000e4835350, 0x00000000e4870000)
  to   space 896K,   0% used [0x00000000e4870000, 0x00000000e4870000, 0x00000000e4950000)
 tenured generation   total 19136K, used 2234K [0x00000000ed550000, 0x00000000ee800000, 0x0000000100000000)
   the space 19136K,  11% used [0x00000000ed550000, 0x00000000ed77e958, 0x00000000ed77ea00, 0x00000000ee800000)
 Metaspace       used 7882K, capacity 8128K, committed 8192K, reserved 1056768K
  class space    used 945K, capacity 1008K, committed 1024K, reserved 1048576K
}
Event: 8.490 GC heap before
{Heap before GC invocations=4 (full 0):
 def new generation   total 8640K, used 8404K [0x00000000e4000000, 0x00000000e4950000, 0x00000000ed550000)
  eden space 7744K, 100% used [0x00000000e4000000, 0x00000000e4790000, 0x00000000e4790000)
  from space 896K,  73% used [0x00000000e4790000, 0x00000000e4835350, 0x00000000e4870000)
  to   space 896K,   0% used [0x00000000e4870000, 0x00000000e4870000, 0x00000000e4950000)
 tenured generation   total 19136K, used 2234K [0x00000000ed550000, 0x00000000ee800000, 0x0000000100000000)
   the space 19136K,  11% used [0x00000000ed550000, 0x00000000ed77e958, 0x00000000ed77ea00, 0x00000000ee800000)
 Metaspace       used 8892K, capacity 9178K, committed 9472K, reserved 1056768K
  class space    used 1081K, capacity 1185K, committed 1280K, reserved 1048576K
Event: 8.497 GC heap after
Heap after GC invocations=5 (full 0):
 def new generation   total 8640K, used 729K [0x00000000e4000000, 0x00000000e4950000, 0x00000000ed550000)
  eden space 7744K,   0% used [0x00000000e4000000, 0x00000000e4000000, 0x00000000e4790000)
  from space 896K,  81% used [0x00000000e4870000, 0x00000000e4926578, 0x00000000e4950000)
  to   space 896K,   0% used [0x00000000e4790000, 0x00000000e4790000, 0x00000000e4870000)
 tenured generation   total 19136K, used 2464K [0x00000000ed550000, 0x00000000ee800000, 0x0000000100000000)
   the space 19136K,  12% used [0x00000000ed550000, 0x00000000ed7b8060, 0x00000000ed7b8200, 0x00000000ee800000)
 Metaspace       used 8892K, capacity 9178K, committed 9472K, reserved 1056768K
  class space    used 1081K, capacity 1185K, committed 1280K, reserved 1048576K
}
Event: 9.224 GC heap before
{Heap before GC invocations=5 (full 0):
 def new generation   total 8640K, used 8473K [0x00000000e4000000, 0x00000000e4950000, 0x00000000ed550000)
  eden space 7744K, 100% used [0x00000000e4000000, 0x00000000e4790000, 0x00000000e4790000)
  from space 896K,  81% used [0x00000000e4870000, 0x00000000e4926578, 0x00000000e4950000)
  to   space 896K,   0% used [0x00000000e4790000, 0x00000000e4790000, 0x00000000e4870000)
 tenured generation   total 19136K, used 2464K [0x00000000ed550000, 0x00000000ee800000, 0x0000000100000000)
   the space 19136K,  12% used [0x00000000ed550000, 0x00000000ed7b8060, 0x00000000ed7b8200, 0x00000000ee800000)
 Metaspace       used 10117K, capacity 10428K, committed 10624K, reserved 1058816K
  class space    used 1222K, capacity 1322K, committed 1408K, reserved 1048576K
Event: 9.233 GC heap after
Heap after GC invocations=6 (full 0):
 def new generation   total 8640K, used 707K [0x00000000e4000000, 0x00000000e4950000, 0x00000000ed550000)
  eden space 7744K,   0% used [0x00000000e4000000, 0x00000000e4000000, 0x00000000e4790000)
  from space 896K,  78% used [0x00000000e4790000, 0x00000000e4840d08, 0x00000000e4870000)
  to   space 896K,   0% used [0x00000000e4870000, 0x00000000e4870000, 0x00000000e4950000)
 tenured generation   total 19136K, used 2631K [0x00000000ed550000, 0x00000000ee800000, 0x0000000100000000)
   the space 19136K,  13% used [0x00000000ed550000, 0x00000000ed7e1d78, 0x00000000ed7e1e00, 0x00000000ee800000)
 Metaspace       used 10117K, capacity 10428K, committed 10624K, reserved 1058816K
  class space    used 1222K, capacity 1322K, committed 1408K, reserved 1048576K
}

Deoptimization events (9 events):
Event: 2.621 Thread 0x0000000002173000 Uncommon trap: reason=unstable_if action=reinterpret pc=0x000000000287c450 method=java.lang.String.hashCode()I @ 14
Event: 3.824 Thread 0x0000000002173000 Uncommon trap: reason=unstable_if action=reinterpret pc=0x000000000291245c method=sun.misc.URLClassPath.getLoader(I)Lsun/misc/URLClassPath$Loader; @ 36
Event: 3.825 Thread 0x0000000002173000 Uncommon trap: reason=unstable_if action=reinterpret pc=0x0000000002911840 method=sun.misc.URLClassPath.getLoader(I)Lsun/misc/URLClassPath$Loader; @ 36
Event: 4.955 Thread 0x0000000002173000 Uncommon trap: reason=unstable_if action=reinterpret pc=0x0000000002917178 method=sun.misc.MetaIndex.mayContain(Ljava/lang/String;)Z @ 13
Event: 7.791 Thread 0x0000000002173000 Uncommon trap: reason=unstable_if action=reinterpret pc=0x0000000002942aa0 method=java.io.WinNTFileSystem.normalize(Ljava/lang/String;)Ljava/lang/String; @ 128
Event: 7.792 Thread 0x0000000002173000 Uncommon trap: reason=unstable_if action=reinterpret pc=0x00000000028c64f4 method=java.lang.String.indexOf([CII[CIII)I @ 3
Event: 8.527 Thread 0x0000000002173000 Uncommon trap: reason=range_check action=make_not_entrant pc=0x0000000002a075d0 method=sun.reflect.generics.parser.SignatureParser.current()C @ 34
Event: 9.070 Thread 0x0000000002173000 Uncommon trap: reason=unstable_if action=reinterpret pc=0x0000000002aa7ba8 method=java.util.HashMap.hash(Ljava/lang/Object;)I @ 1
Event: 9.072 Thread 0x0000000002173000 Uncommon trap: reason=unstable_if action=reinterpret pc=0x0000000002a226a4 method=java.util.HashMap.hash(Ljava/lang/Object;)I @ 1

Classes redefined (0 events):
No events

Internal exceptions (10 events):
Event: 5.863 Thread 0x0000000002173000 Exception <a 'java/lang/NoSuchFieldError': method resolution failed> (0x00000000e45a6ec8) thrown at [C:\re\workspace\8-2-build-windows-amd64-cygwin\jdk8u211\12973\hotspot\src\share\vm\prims\methodHandles.cpp, line 1167]
Event: 5.873 Thread 0x0000000002173000 Exception <a 'java/lang/NoSuchFieldError': method resolution failed> (0x00000000e45b45b8) thrown at [C:\re\workspace\8-2-build-windows-amd64-cygwin\jdk8u211\12973\hotspot\src\share\vm\prims\methodHandles.cpp, line 1167]
Event: 6.368 Thread 0x0000000002173000 Exception <a 'java/lang/NoSuchMethodError': org.slf4j.impl.StaticMDCBinder.getSingleton()Lorg/slf4j/impl/StaticMDCBinder;> (0x00000000e42a00a8) thrown at [C:\re\workspace\8-2-build-windows-amd64-cygwin\jdk8u211\12973\hotspot\src\share\vm\interpreter\linkR
Event: 7.822 Thread 0x0000000002173000 Exception <a 'java/lang/NoSuchMethodError': java.lang.Object.lambda$comparing$77a9974f$1(Ljava/util/function/Function;Ljava/lang/Object;Ljava/lang/Object;)I> (0x00000000e40e0ed0) thrown at [C:\re\workspace\8-2-build-windows-amd64-cygwin\jdk8u211\12973\hot
Event: 8.446 Thread 0x0000000002173000 Exception <a 'java/lang/NoSuchMethodError': java.lang.Object.lambda$static$0(Ljava/lang/Object;)Ljava/lang/Object;> (0x00000000e46d3cd0) thrown at [C:\re\workspace\8-2-build-windows-amd64-cygwin\jdk8u211\12973\hotspot\src\share\vm\interpreter\linkResolver
Event: 8.527 Thread 0x0000000002173000 Exception <a 'java/lang/ArrayIndexOutOfBoundsException': 18> (0x00000000e408a0c0) thrown at [C:\re\workspace\8-2-build-windows-amd64-cygwin\jdk8u211\12973\hotspot\src\share\vm\interpreter\interpreterRuntime.cpp, line 368]
Event: 8.528 Thread 0x0000000002173000 Exception <a 'java/lang/ArrayIndexOutOfBoundsException': 182> (0x00000000e408bde0) thrown at [C:\re\workspace\8-2-build-windows-amd64-cygwin\jdk8u211\12973\hotspot\src\share\vm\interpreter\interpreterRuntime.cpp, line 368]
Event: 8.531 Thread 0x0000000002173000 Exception <a 'java/lang/ArrayIndexOutOfBoundsException': 60> (0x00000000e408d228) thrown at [C:\re\workspace\8-2-build-windows-amd64-cygwin\jdk8u211\12973\hotspot\src\share\vm\interpreter\interpreterRuntime.cpp, line 368]
Event: 9.070 Thread 0x0000000002173000 Implicit null exception at 0x0000000002aa75ab to 0x0000000002aa7b95
Event: 9.072 Thread 0x0000000002173000 Implicit null exception at 0x0000000002a2262f to 0x0000000002a22695

Events (10 events):
Event: 9.736 loading class org/springframework/core/Constants
Event: 9.736 loading class org/springframework/core/Constants done
Event: 9.739 loading class org/springframework/core/Constants$ConstantException
Event: 9.739 loading class org/springframework/core/Constants$ConstantException done
Event: 9.742 loading class sun/reflect/UnsafeQualifiedStaticIntegerFieldAccessorImpl
Event: 9.743 loading class sun/reflect/UnsafeQualifiedStaticFieldAccessorImpl
Event: 9.744 loading class sun/reflect/UnsafeQualifiedStaticFieldAccessorImpl done
Event: 9.744 loading class sun/reflect/UnsafeQualifiedStaticIntegerFieldAccessorImpl done
Event: 9.745 loading class javax/transaction/Transactional
Event: 9.745 loading class javax/transaction/Transactional done


Dynamic libraries:
0x000000013f1a0000 - 0x000000013f1d7000 	C:\Program Files\Java\jre1.8.0_211\bin\javaw.exe
0x0000000077490000 - 0x000000007762f000 	C:\Windows\SYSTEM32\ntdll.dll
0x000007fef79a0000 - 0x000007fef79b2000 	C:\Program Files\AVAST Software\Avast\aswhook.dll
0x0000000077270000 - 0x000000007738f000 	C:\Windows\system32\kernel32.dll
0x000007fefd270000 - 0x000007fefd2da000 	C:\Windows\system32\KERNELBASE.dll
0x000007fefd490000 - 0x000007fefd56b000 	C:\Windows\system32\ADVAPI32.dll
0x000007fefd5f0000 - 0x000007fefd68f000 	C:\Windows\system32\msvcrt.dll
0x000007fefd470000 - 0x000007fefd48f000 	C:\Windows\SYSTEM32\sechost.dll
0x000007fefda80000 - 0x000007fefdbac000 	C:\Windows\system32\RPCRT4.dll
0x0000000077390000 - 0x000000007748a000 	C:\Windows\system32\USER32.dll
0x000007feff710000 - 0x000007feff777000 	C:\Windows\system32\GDI32.dll
0x000007fefd760000 - 0x000007fefd76e000 	C:\Windows\system32\LPK.dll
0x000007fefd690000 - 0x000007fefd75b000 	C:\Windows\system32\USP10.dll
0x000007fefbb60000 - 0x000007fefbd55000 	C:\Windows\WinSxS\amd64_microsoft.windows.common-controls_6595b64144ccf1df_6.0.7601.24380_none_e3731d0b30fb6b11\COMCTL32.dll
0x000007fefd570000 - 0x000007fefd5e1000 	C:\Windows\system32\SHLWAPI.dll
0x000007fefd3a0000 - 0x000007fefd3ce000 	C:\Windows\system32\IMM32.DLL
0x000007fefd770000 - 0x000007fefd879000 	C:\Windows\system32\MSCTF.dll
0x0000000071880000 - 0x0000000071952000 	C:\Program Files\Java\jre1.8.0_211\bin\msvcr100.dll
0x000000006a0a0000 - 0x000000006a945000 	C:\Program Files\Java\jre1.8.0_211\bin\server\jvm.dll
0x000007fef9ee0000 - 0x000007fef9ee9000 	C:\Windows\system32\WSOCK32.dll
0x000007fefdec0000 - 0x000007fefdf0d000 	C:\Windows\system32\WS2_32.dll
0x000007fefe6f0000 - 0x000007fefe6f8000 	C:\Windows\system32\NSI.dll
0x000007fef3900000 - 0x000007fef393b000 	C:\Windows\system32\WINMM.dll
0x000007fefc0a0000 - 0x000007fefc0ac000 	C:\Windows\system32\VERSION.dll
0x0000000077640000 - 0x0000000077647000 	C:\Windows\system32\PSAPI.DLL
0x000007fef7770000 - 0x000007fef777f000 	C:\Program Files\Java\jre1.8.0_211\bin\verify.dll
0x000007fef7740000 - 0x000007fef7769000 	C:\Program Files\Java\jre1.8.0_211\bin\java.dll
0x000007fef7720000 - 0x000007fef7736000 	C:\Program Files\Java\jre1.8.0_211\bin\zip.dll
0x000007fefe980000 - 0x000007feff70b000 	C:\Windows\system32\SHELL32.dll
0x000007fefd880000 - 0x000007fefda7f000 	C:\Windows\system32\ole32.dll
0x000007fefcfe0000 - 0x000007fefcfef000 	C:\Windows\system32\profapi.dll
0x000007fef7700000 - 0x000007fef771a000 	C:\Program Files\Java\jre1.8.0_211\bin\net.dll
0x000007fefdd30000 - 0x000007fefdeb8000 	C:\Windows\system32\urlmon.dll
0x000007fefd2e0000 - 0x000007fefd2e4000 	C:\Windows\system32\api-ms-win-downlevel-ole32-l1-1-0.dll
0x000007fefd340000 - 0x000007fefd344000 	C:\Windows\system32\api-ms-win-downlevel-shlwapi-l1-1-0.dll
0x000007fefd350000 - 0x000007fefd355000 	C:\Windows\system32\api-ms-win-downlevel-advapi32-l1-1-0.dll
0x000007fefd010000 - 0x000007fefd014000 	C:\Windows\system32\api-ms-win-downlevel-user32-l1-1-0.dll
0x000007fefd2f0000 - 0x000007fefd2f4000 	C:\Windows\system32\api-ms-win-downlevel-version-l1-1-0.dll
0x000007fefd000000 - 0x000007fefd003000 	C:\Windows\system32\api-ms-win-downlevel-normaliz-l1-1-0.dll
0x0000000077630000 - 0x0000000077633000 	C:\Windows\system32\normaliz.DLL
0x000007fefdf10000 - 0x000007fefe1da000 	C:\Windows\system32\iertutil.dll
0x000007fefe1e0000 - 0x000007fefe68c000 	C:\Windows\system32\WININET.dll
0x000007fefd320000 - 0x000007fefd33e000 	C:\Windows\system32\USERENV.dll
0x000007fefc720000 - 0x000007fefc775000 	C:\Windows\system32\mswsock.dll
0x000007fefc710000 - 0x000007fefc717000 	C:\Windows\System32\wship6.dll
0x000007fef76e0000 - 0x000007fef76f2000 	C:\Program Files\Java\jre1.8.0_211\bin\nio.dll

VM Arguments:
jvm_args: -ea -Dfile.encoding=UTF-8 
java_command: org.eclipse.jdt.internal.junit.runner.RemoteTestRunner -version 3 -port 53694 -testLoaderClass org.eclipse.jdt.internal.junit4.runner.JUnit4TestLoader -loaderpluginname org.eclipse.jdt.junit4.runtime -classNames com.jcab.student.dal.StudentdalApplicationTests
java_class_path (initial): C:\Users\user\Documents\workspace-sts-3.9.8.RELEASE\studentdal\target\test-classes;C:\Users\user\Documents\workspace-sts-3.9.8.RELEASE\studentdal\target\classes;C:\Program Files\MySQL\Connector ODBC 8.0;C:\Program Files\MySQL\Connector ODBC 5.1;C:\Users\user\.m2\repository\org\springframework\boot\spring-boot-starter-data-jpa\2.1.4.RELEASE\spring-boot-starter-data-jpa-2.1.4.RELEASE.jar;C:\Users\user\.m2\repository\org\springframework\boot\spring-boot-starter-aop\2.1.4.RELEASE\spring-boot-starter-aop-2.1.4.RELEASE.jar;C:\Users\user\.m2\repository\org\springframework\spring-aop\5.1.6.RELEASE\spring-aop-5.1.6.RELEASE.jar;C:\Users\user\.m2\repository\org\aspectj\aspectjweaver\1.9.2\aspectjweaver-1.9.2.jar;C:\Users\user\.m2\repository\org\springframework\boot\spring-boot-starter-jdbc\2.1.4.RELEASE\spring-boot-starter-jdbc-2.1.4.RELEASE.jar;C:\Users\user\.m2\repository\com\zaxxer\HikariCP\3.2.0\HikariCP-3.2.0.jar;C:\Users\user\.m2\repository\org\springframework\spring-jdbc\5.1.6.RELEASE\spring-jdbc-5.1.6.RELEASE.jar;C:\Users\user\.m2\repository\javax\transaction\javax.transaction-api\1.3\javax.transaction-api-1.3.jar;C:\Users\user\.m2\repository\javax\xml\bind\jaxb-api\2.3.1\jaxb-api-2.3.1.jar;C:\Users\user\.m2\repository\javax\activation\javax.activation-api\1.2.0\javax.activation-api-1.2.0.jar;C:\Users\user\.m2\repository\org\hibernate\hibernate-core\5.3.9.Final\hibernate-core-5.3.9.Final.jar;C:\Users\user\.m2\repository\org\jboss\logging\jboss-logging\3.3.2.Final\jboss-logging-3.3.2.Final.jar;C:\Users\user\.m2\repository\javax\persistence\javax.persistence-api\2.2\javax.persistence-api-2.2.jar;C:\Users\user\.m2\repository\org\javassist\javassist\3.23.1-GA\javassist-3.23.1-GA.jar;C:\Users\user\.m2\repository\net\bytebuddy\byte-buddy\1.9.12\byte-buddy-1.9.12.jar;C:\Users\user\.m2\repository\antlr\antlr\2.7.7\antlr-2.7.7.jar;C:\Users\user\.m2\repository\org\jboss\jandex\2.0.5.Final\jandex-2.0.5.Final.jar;C:\Users\user\.m2\repository\com\faster
Launcher Type: SUN_STANDARD

Environment Variables:
JAVA_HOME=C:\Program Files\Java\jdk1.8.0_111
JRE_HOME=C:\Program Files\Java\jre1.8.0_211
PATH=C:/Program Files/Java/jre1.8.0_211/bin/server;C:/Program Files/Java/jre1.8.0_211/bin;C:/Program Files/Java/jre1.8.0_211/lib/amd64;C:\Program Files (x86)\Common Files\Oracle\Java\javapath;C:\Program Files\Python37\Scripts\;C:\Program Files\Python37\;C:\ProgramData\Oracle\Java\javapath;C:\Windows\system32;C:\Windows;C:\Windows\System32\Wbem;C:\Windows\System32\WindowsPowerShell\v1.0\;C:\PostgreSQL\pg96\bin;C:\Program Files\nodejs\;C:\Program Files\dotnet\;C:\Program Files\Microsoft SQL Server\130\Tools\Binn\;C:\Program Files\Microsoft SQL Server\Client SDK\ODBC\170\Tools\Binn\;C:\Program Files\Microsoft VS Code\bin;C:\Program Files\MySQL\MySQL Shell 8.0\bin\;C:\apache-maven-3.6.1\bin;C:\Spring STS\sts-bundle\sts-3.9.8.RELEASE;
USERNAME=user
OS=Windows_NT
PROCESSOR_IDENTIFIER=AMD64 Family 20 Model 2 Stepping 0, AuthenticAMD



---------------  S Y S T E M  ---------------

OS: Windows 7 , 64 bit Build 7601 (6.1.7601.24408)

CPU:total 2 (initial active 2) (2 cores per cpu, 1 threads per core) family 20 model 2 stepping 0, cmov, cx8, fxsr, mmx, sse, sse2, sse3, ssse3, popcnt, mmxext, lzcnt, sse4a, tsc, tscinvbit, tscinv

Memory: 4k page, physical 1830852k(176992k free), swap 4577220k(6000k free)

vm_info: Java HotSpot(TM) 64-Bit Server VM (25.211-b12) for windows-amd64 JRE (1.8.0_211-b12), built on Apr  1 2019 20:53:26 by "java_re" with MS VC++ 10.0 (VS2010)

time: Fri May 17 23:28:23 2019
timezone: Hora oficial do Brasil
elapsed time: 9 seconds (0d 0h 0m 9s)

